# JRE version: OpenJDK Runtime Environment Corretto-21.0.4.7.1 (21.0.4+7) (build 21.0.4+7-LTS)
# Java VM: OpenJDK 64-Bit Server VM Corretto-21.0.4.7.1 (21.0.4+7-LTS, mixed mode, sharing, tiered, compressed oops, compressed class ptrs, g1 gc, windows-amd64)
GC Precious Log:
 CardTable entry size: 512
 Card Set container configuration: InlinePtr #cards 5 size 8 Array Of Cards #cards 12 size 40 Howl #buckets 4 coarsen threshold 1843 Howl Bitmap #cards 512 size 80 coarsen threshold 460 Card regions per heap region 1 cards per card region 2048
 CPUs: 8 total, 8 available
 Memory: 16183M
 Large Page Support: Disabled
 NUMA Support: Disabled
 Compressed Oops: Enabled (32-bit)
 Heap Region Size: 1M
 Heap Min Capacity: 8M
 Heap Initial Capacity: 254M
 Heap Max Capacity: 2G
 Pre-touch: Disabled
 Parallel Workers: 8
 Concurrent Workers: 2
 Concurrent Refinement Workers: 8
 Periodic GC: Disabled
Heap:
 garbage-first heap   total 211968K, used 156179K [0x0000000080000000, 0x0000000100000000)
  region size 1024K, 46 young (47104K), 2 survivors (2048K)
 Metaspace       used 82472K, committed 85312K, reserved 557056K
  class space    used 11648K, committed 13056K, reserved 425984K
GC Heap History (20 events):
Event: 9.340 GC heap before
{Heap before GC invocations=21 (full 0):
 garbage-first heap   total 106496K, used 94324K [0x0000000080000000, 0x0000000100000000)
  region size 1024K, 33 young (33792K), 5 survivors (5120K)
 Metaspace       used 64898K, committed 67392K, reserved 491520K
  class space    used 9315K, committed 10560K, reserved 425984K
}
Event: 9.344 GC heap after
{Heap after GC invocations=22 (full 0):
 garbage-first heap   total 106496K, used 67755K [0x0000000080000000, 0x0000000100000000)
  region size 1024K, 3 young (3072K), 3 survivors (3072K)
 Metaspace       used 64898K, committed 67392K, reserved 491520K
  class space    used 9315K, committed 10560K, reserved 425984K
}
Event: 9.618 GC heap before
{Heap before GC invocations=22 (full 0):
 garbage-first heap   total 106496K, used 96427K [0x0000000080000000, 0x0000000100000000)
  region size 1024K, 31 young (31744K), 3 survivors (3072K)
 Metaspace       used 65351K, committed 67968K, reserved 491520K
  class space    used 9344K, committed 10624K, reserved 425984K
}
Event: 9.621 GC heap after
{Heap after GC invocations=23 (full 0):
 garbage-first heap   total 106496K, used 70636K [0x0000000080000000, 0x0000000100000000)
  region size 1024K, 3 young (3072K), 3 survivors (3072K)
 Metaspace       used 65351K, committed 67968K, reserved 491520K
  class space    used 9344K, committed 10624K, reserved 425984K
}
Event: 9.993 GC heap before
{Heap before GC invocations=24 (full 0):
 garbage-first heap   total 117760K, used 96236K [0x0000000080000000, 0x0000000100000000)
  region size 1024K, 28 young (28672K), 3 survivors (3072K)
 Metaspace       used 65630K, committed 68224K, reserved 491520K
  class space    used 9353K, committed 10624K, reserved 425984K
}
Event: 9.996 GC heap after
{Heap after GC invocations=25 (full 0):
 garbage-first heap   total 117760K, used 73931K [0x0000000080000000, 0x0000000100000000)
  region size 1024K, 4 young (4096K), 4 survivors (4096K)
 Metaspace       used 65630K, committed 68224K, reserved 491520K
  class space    used 9353K, committed 10624K, reserved 425984K
}
Event: 10.281 GC heap before
{Heap before GC invocations=25 (full 0):
 garbage-first heap   total 117760K, used 104651K [0x0000000080000000, 0x0000000100000000)
  region size 1024K, 35 young (35840K), 4 survivors (4096K)
 Metaspace       used 66124K, committed 68736K, reserved 491520K
  class space    used 9425K, committed 10688K, reserved 425984K
}
Event: 10.285 GC heap after
{Heap after GC invocations=26 (full 0):
 garbage-first heap   total 141312K, used 76060K [0x0000000080000000, 0x0000000100000000)
  region size 1024K, 3 young (3072K), 3 survivors (3072K)
 Metaspace       used 66124K, committed 68736K, reserved 491520K
  class space    used 9425K, committed 10688K, reserved 425984K
}
Event: 10.806 GC heap before
{Heap before GC invocations=26 (full 0):
 garbage-first heap   total 141312K, used 125212K [0x0000000080000000, 0x0000000100000000)
  region size 1024K, 52 young (53248K), 3 survivors (3072K)
 Metaspace       used 70011K, committed 72704K, reserved 491520K
  class space    used 10074K, committed 11392K, reserved 425984K
}
Event: 10.810 GC heap after
{Heap after GC invocations=27 (full 0):
 garbage-first heap   total 141312K, used 80628K [0x0000000080000000, 0x0000000100000000)
  region size 1024K, 7 young (7168K), 7 survivors (7168K)
 Metaspace       used 70011K, committed 72704K, reserved 491520K
  class space    used 10074K, committed 11392K, reserved 425984K
}
Event: 10.904 GC heap before
{Heap before GC invocations=27 (full 0):
 garbage-first heap   total 141312K, used 124660K [0x0000000080000000, 0x0000000100000000)
  region size 1024K, 51 young (52224K), 7 survivors (7168K)
 Metaspace       used 70107K, committed 72768K, reserved 491520K
  class space    used 10088K, committed 11392K, reserved 425984K
}
Event: 10.913 GC heap after
{Heap after GC invocations=28 (full 0):
 garbage-first heap   total 142336K, used 89185K [0x0000000080000000, 0x0000000100000000)
  region size 1024K, 7 young (7168K), 7 survivors (7168K)
 Metaspace       used 70107K, committed 72768K, reserved 491520K
  class space    used 10088K, committed 11392K, reserved 425984K
}
Event: 11.072 GC heap before
{Heap before GC invocations=28 (full 0):
 garbage-first heap   total 142336K, used 126049K [0x0000000080000000, 0x0000000100000000)
  region size 1024K, 43 young (44032K), 7 survivors (7168K)
 Metaspace       used 70291K, committed 72960K, reserved 491520K
  class space    used 10122K, committed 11456K, reserved 425984K
}
Event: 11.083 GC heap after
{Heap after GC invocations=29 (full 0):
 garbage-first heap   total 142336K, used 97031K [0x0000000080000000, 0x0000000100000000)
  region size 1024K, 6 young (6144K), 6 survivors (6144K)
 Metaspace       used 70291K, committed 72960K, reserved 491520K
  class space    used 10122K, committed 11456K, reserved 425984K
}
Event: 11.778 GC heap before
{Heap before GC invocations=30 (full 0):
 garbage-first heap   total 162816K, used 126727K [0x0000000080000000, 0x0000000100000000)
  region size 1024K, 35 young (35840K), 6 survivors (6144K)
 Metaspace       used 77856K, committed 80512K, reserved 557056K
  class space    used 11033K, committed 12352K, reserved 425984K
}
Event: 11.785 GC heap after
{Heap after GC invocations=31 (full 0):
 garbage-first heap   total 162816K, used 102773K [0x0000000080000000, 0x0000000100000000)
  region size 1024K, 5 young (5120K), 5 survivors (5120K)
 Metaspace       used 77856K, committed 80512K, reserved 557056K
  class space    used 11033K, committed 12352K, reserved 425984K
}
Event: 12.114 GC heap before
{Heap before GC invocations=31 (full 0):
 garbage-first heap   total 162816K, used 144757K [0x0000000080000000, 0x0000000100000000)
  region size 1024K, 45 young (46080K), 5 survivors (5120K)
 Metaspace       used 78250K, committed 80960K, reserved 557056K
  class space    used 11076K, committed 12416K, reserved 425984K
}
Event: 12.121 GC heap after
{Heap after GC invocations=32 (full 0):
 garbage-first heap   total 162816K, used 110043K [0x0000000080000000, 0x0000000100000000)
  region size 1024K, 6 young (6144K), 6 survivors (6144K)
 Metaspace       used 78250K, committed 80960K, reserved 557056K
  class space    used 11076K, committed 12416K, reserved 425984K
}
Event: 12.562 GC heap before
{Heap before GC invocations=32 (full 0):
 garbage-first heap   total 162816K, used 142811K [0x0000000080000000, 0x0000000100000000)
  region size 1024K, 39 young (39936K), 6 survivors (6144K)
 Metaspace       used 80112K, committed 82816K, reserved 557056K
  class space    used 11292K, committed 12608K, reserved 425984K
}
Event: 12.565 GC heap after
{Heap after GC invocations=33 (full 0):
 garbage-first heap   total 211968K, used 112147K [0x0000000080000000, 0x0000000100000000)
  region size 1024K, 2 young (2048K), 2 survivors (2048K)
 Metaspace       used 80112K, committed 82816K, reserved 557056K
  class space    used 11292K, committed 12608K, reserved 425984K
}

